{"/Users/vinicio/workspace/401n12/class-01/demo-code/tdd/greet.js": {"path":"/Users/vinicio/workspace/401n12/class-01/demo-code/tdd/greet.js","statementMap":{"0":{"start":{"line":3,"column":14},"end":{"line":3,"column":33}},"1":{"start":{"line":5,"column":20},"end":{"line":5,"column":34}},"2":{"start":{"line":6,"column":25},"end":{"line":6,"column":45}},"3":{"start":{"line":8,"column":21},"end":{"line":10,"column":1}},"4":{"start":{"line":9,"column":2},"end":{"line":9,"column":38}},"5":{"start":{"line":12,"column":0},"end":{"line":14,"column":2}},"6":{"start":{"line":13,"column":2},"end":{"line":13,"column":52}}},"fnMap":{"0":{"name":"(anonymous_0)","decl":{"start":{"line":8,"column":21},"end":{"line":8,"column":22}},"loc":{"start":{"line":8,"column":27},"end":{"line":10,"column":1}},"line":8},"1":{"name":"(anonymous_1)","decl":{"start":{"line":12,"column":14},"end":{"line":12,"column":15}},"loc":{"start":{"line":12,"column":24},"end":{"line":14,"column":1}},"line":12}},"branchMap":{},"s":{"0":1,"1":1,"2":1,"3":1,"4":0,"5":1,"6":1},"f":{"0":0,"1":1},"b":{},"_coverageSchema":"43e27e138ebf9cfc5966b082cf9a028302ed4184","hash":"39498ebab2bf4495c76c8b753f728fff8d663773"}
}
